已經開始建置於 2016/7/29 下午 03:57:58。
     1>節點 2 (Build 目標) 上的專案 "C:\Users\sinica-iis\Desktop\RoomFusionDLL\RoomFusionDLL.vcxproj"。
     1>ClCompile:
         C:\Program Files (x86)\Microsoft Visual Studio 12.0\VC\bin\x86_amd64\CL.exe /c /I"C:\Program Files (x86)\ZED SDK\dependencies\opencv\include" /I"C:\Program Files (x86)\ZED SDK\dependencies\opencv\include\opencv" /I"C:\Program Files (x86)\ZED SDK\include" /I"C:\Program Files (x86)\ZED SDK\dependencies\freeglut_2.8\include" /I"C:\Program Files (x86)\ZED SDK\dependencies\glew-1.13.0\include" /I"C:\Users\sinica-iis\Desktop\zed-oculus\include" /I"C:\Program Files (x86)\ZED SDK\dependencies\ovr_sdk_win_1.3.0_public\OculusSDK\LibOVR\Include" /I"C:\Program Files (x86)\ZED SDK\dependencies\ovr_sdk_win_1.3.0_public\OculusSDK\LibOVRKernel\Src" /I"C:\Program Files (x86)\ZED SDK\dependencies\SDL2-2.0.4\include" /I"C:\Program Files\NVIDIA GPU Computing Toolkit\CUDA\v7.5\include" /I"C:\Program Files (x86)\ZED SDK\dependencies\eigen-3.2.8" /I"C:\Program Files\NVIDIA GPU Computing Toolkit\CUDA\v7.5\include" /I"C:\Program Files\NVIDIA GPU Computing Toolkit\CUDA\v7.5\include" /I"C:\Program Files\NVIDIA GPU Computing Toolkit\CUDA\v7.5\include" /Zi /nologo /W3 /WX- /sdl /O2 /Oi /GL /D WIN32 /D NDEBUG /D _WINDOWS /D _USRDLL /D ROOMFUSIONDLL_EXPORTS /D _WINDLL /D _UNICODE /D UNICODE /Gm- /EHsc /MD /GS /Gy /fp:precise /Zc:wchar_t /Zc:forScope /Yu"stdafx.h" /Fp"x64\Release\RoomFusionDLL.pch" /Fo"x64\Release\\" /Fd"x64\Release\vc120.pdb" /Gd /TP /errorReport:prompt RoomFusionDLL.cpp
         RoomFusionDLL.cpp
     1>C:\Program Files\NVIDIA GPU Computing Toolkit\CUDA\v7.5\include\cuda_runtime.h : warning C4819: 檔案含有無法在目前字碼頁 (950) 中表示的字元。請以 Unicode 格式儲存檔案以防止資料遺失
     1>c:\program files\nvidia gpu computing toolkit\cuda\v7.5\include\cuda_runtime_api.h(1974): warning C4819: 檔案含有無法在目前字碼頁 (950) 中表示的字元。請以 Unicode 格式儲存檔案以防止資料遺失
     1>C:\Program Files (x86)\ZED SDK\dependencies\opencv\include\opencv2/core/mat.hpp(1965): warning C4819: 檔案含有無法在目前字碼頁 (950) 中表示的字元。請以 Unicode 格式儲存檔案以防止資料遺失
     1>C:\Program Files (x86)\ZED SDK\dependencies\opencv\include\opencv2/core/persistence.hpp : warning C4819: 檔案含有無法在目前字碼頁 (950) 中表示的字元。請以 Unicode 格式儲存檔案以防止資料遺失
     1>C:\Program Files (x86)\ZED SDK\dependencies\opencv\include\opencv2/core/utility.hpp : warning C4819: 檔案含有無法在目前字碼頁 (950) 中表示的字元。請以 Unicode 格式儲存檔案以防止資料遺失
     1>C:\Program Files (x86)\ZED SDK\include\zed/Camera.hpp(120): warning C4267: '引數' : 將 'size_t' 轉換為 'int'，資料可能遺失
     1>RoomFusionDLL.cpp(116): warning C4800: 'int' : 強制將 bool 的值定為 'true' 或 'false' (效能警告)
     1>RoomFusionDLL.cpp(149): warning C4244: '引數' : 將 'int' 轉換為 'float'，由於類型不同，可能導致資料遺失
     1>RoomFusionDLL.cpp(150): warning C4244: '引數' : 將 'int' 轉換為 'float'，由於類型不同，可能導致資料遺失
     1>RoomFusionDLL.cpp(151): warning C4244: '引數' : 將 'int' 轉換為 'float'，由於類型不同，可能導致資料遺失
     1>RoomFusionDLL.cpp(152): warning C4244: '引數' : 將 'int' 轉換為 'float'，由於類型不同，可能導致資料遺失
       Link:
         C:\Program Files (x86)\Microsoft Visual Studio 12.0\VC\bin\x86_amd64\link.exe /ERRORREPORT:PROMPT /OUT:"C:\Users\sinica-iis\Desktop\zed-build\x64\Release\RoomFusionDLL.dll" /INCREMENTAL:NO /NOLOGO /LIBPATH:"C:/Program Files (x86)/ZED SDK/lib" /LIBPATH:"C:/Program Files (x86)/ZED SDK/lib/Release" /LIBPATH:"C:/Program Files (x86)/ZED SDK/dependencies/freeglut_2.8/x64" /LIBPATH:"C:/Program Files (x86)/ZED SDK/dependencies/freeglut_2.8/x64/Release" /LIBPATH:"C:\Program Files (x86)\ZED SDK\dependencies\glew-1.13.0\lib\Release\x64" /LIBPATH:"C:/Program Files (x86)/ZED SDK/dependencies/SDL2-2.0.4/lib/x64" /LIBPATH:"C:/Program Files (x86)/ZED SDK/dependencies/SDL2-2.0.4/lib/x64/Release" /LIBPATH:"C:/Program Files (x86)/ZED SDK/dependencies/ovr_sdk_win_1.3.0_public/OculusSDK/LibOVR/Lib/Windows/x64/Release/VS2013" /LIBPATH:"C:/Program Files (x86)/ZED SDK/dependencies/ovr_sdk_win_1.3.0_public/OculusSDK/LibOVR/Lib/Windows/x64/Release/VS2013/Release" /LIBPATH:"C:/Program Files (x86)/ZED SDK/dependencies/opencv/x64/vc12/lib" /LIBPATH:"C:\Program Files (x86)\ZED SDK\lib" /LIBPATH:"C:\Program Files\NVIDIA GPU Computing Toolkit\CUDA\v7.5\lib\x64" /LIBPATH:"C:\Program Files\NVIDIA GPU Computing Toolkit\CUDA\v7.5\lib\x64" /LIBPATH:"C:\Program Files\NVIDIA GPU Computing Toolkit\CUDA\v7.5\lib\x64" kernel32.lib user32.lib gdi32.lib winspool.lib shell32.lib ole32.lib oleaut32.lib uuid.lib comdlg32.lib advapi32.lib glu32.lib opengl32.lib freeglut.lib opencv_world310.lib comctl32.lib gdi32.lib ole32.lib setupapi.lib ws2_32.lib vfw32.lib glew32.lib sl_zed64.lib cudart_static.lib /MANIFEST /MANIFESTUAC:"level='asInvoker' uiAccess='false'" /manifest:embed /DEBUG /PDB:"C:\Users\sinica-iis\Desktop\zed-build\x64\Release\RoomFusionDLL.pdb" /SUBSYSTEM:WINDOWS /OPT:REF /OPT:ICF /LTCG /TLBID:1 /DYNAMICBASE /NXCOMPAT /IMPLIB:"C:\Users\sinica-iis\Desktop\zed-build\x64\Release\RoomFusionDLL.lib" /MACHINE:X64 /DLL x64\Release\RoomFusionDLL.cu.obj
         x64\Release\dllmain.obj
         x64\Release\RoomFusionDLL.obj
         x64\Release\stdafx.obj
            正在建立程式庫 C:\Users\sinica-iis\Desktop\zed-build\x64\Release\RoomFusionDLL.lib 和物件 C:\Users\sinica-iis\Desktop\zed-build\x64\Release\RoomFusionDLL.exp
         正在產生程式碼
         已完成程式碼產生
         RoomFusionDLL.vcxproj -> C:\Users\sinica-iis\Desktop\zed-build\x64\Release\RoomFusionDLL.dll
       PostBuildEvent:
         copy C:\Users\sinica-iis\Desktop\zed-build\x64\Release\RoomFusionDLL.dll C:\Users\sinica-iis\Desktop\zed-build\\run\
         copy C:\Users\sinica-iis\Desktop\zed-build\x64\Release\RoomFusionDLL.dll "C:\Users\sinica-iis\Desktop\zed-build\\..\room fusion\Build\RoomFusion_Data\Plugins\"
         copy C:\Users\sinica-iis\Desktop\zed-build\x64\Release\RoomFusionDLL.dll "C:\Users\sinica-iis\Desktop\zed-build\\..\room fusion\Assets\Plugins\dll_windows\"
         copy C:\Users\sinica-iis\Desktop\zed-build\x64\Release\RoomFusionDLL.lib C:\Users\sinica-iis\Desktop\RoomFusionDLL\\lib\
         :VCEnd
         複製了         1 個檔案。
         複製了         1 個檔案。
         複製了         1 個檔案。
         複製了         1 個檔案。
     1>專案 "C:\Users\sinica-iis\Desktop\RoomFusionDLL\RoomFusionDLL.vcxproj" (Build 目標) 建置完成。

建置成功。

經過時間 00:00:02.09
