c:\users\sinica-iis\desktop\roomfusiondll\x64\debug\roomfusiondll.pch
c:\users\sinica-iis\desktop\roomfusiondll\x64\debug\vc120.pdb
c:\users\sinica-iis\desktop\roomfusiondll\x64\debug\vc120.idb
c:\users\sinica-iis\desktop\roomfusiondll\x64\debug\stdafx.obj
c:\users\sinica-iis\desktop\roomfusiondll\x64\debug\dllmain.obj
c:\users\sinica-iis\desktop\roomfusiondll\x64\debug\roomfusiondll.obj
c:\users\sinica-iis\desktop\zed-build\x64\debug\roomfusiondll.ilk
c:\users\sinica-iis\desktop\zed-build\x64\debug\roomfusiondll.dll
c:\users\sinica-iis\desktop\zed-build\x64\debug\roomfusiondll.pdb
c:\users\sinica-iis\desktop\zed-build\x64\debug\roomfusiondll.lib
c:\users\sinica-iis\desktop\zed-build\x64\debug\roomfusiondll.exp
c:\users\sinica-iis\desktop\roomfusiondll\x64\debug\roomfusiondll.cu.cache
c:\users\sinica-iis\desktop\roomfusiondll\x64\debug\roomfusiondll.cu.obj
c:\users\sinica-iis\desktop\roomfusiondll\x64\debug\roomfusiondll.tlog\cl.command.1.tlog
c:\users\sinica-iis\desktop\roomfusiondll\x64\debug\roomfusiondll.tlog\cl.read.1.tlog
c:\users\sinica-iis\desktop\roomfusiondll\x64\debug\roomfusiondll.tlog\cl.write.1.tlog
c:\users\sinica-iis\desktop\roomfusiondll\x64\debug\roomfusiondll.tlog\link.command.1.tlog
c:\users\sinica-iis\desktop\roomfusiondll\x64\debug\roomfusiondll.tlog\link.read.1.tlog
c:\users\sinica-iis\desktop\roomfusiondll\x64\debug\roomfusiondll.tlog\link.write.1.tlog
c:\users\sinica-iis\desktop\roomfusiondll\x64\debug\roomfusiondll.tlog\roomfusiondll.write.1u.tlog
