已經開始建置於 2016/7/28 下午 04:30:03。
     1>節點 2 (Build 目標) 上的專案 "C:\Users\sinica-iis\Desktop\RoomFusionDLL\RoomFusionDLL.vcxproj"。
     1>AddCudaCompileDeps:
         C:\Program Files (x86)\Microsoft Visual Studio 12.0\VC\bin\cl.exe /E /nologo /showIncludes /TP /D__CUDACC__ /DWIN32 /DNDEBUG /D_WINDOWS /D_USRDLL /DROOMFUSIONDLL_EXPORTS /D_WINDLL /D_UNICODE /DUNICODE /I"C:\Program Files (x86)\ZED SDK\dependencies\opencv\include" /I"C:\Program Files (x86)\ZED SDK\dependencies\opencv\include\opencv" /I"C:\Program Files (x86)\ZED SDK\include" /I"C:\Program Files (x86)\ZED SDK\dependencies\freeglut_2.8\include" /I"C:\Program Files (x86)\ZED SDK\dependencies\glew-1.13.0\include" /IC:\Users\sinica-iis\Desktop\zed-oculus\include /I"C:\Program Files (x86)\ZED SDK\dependencies\ovr_sdk_win_1.3.0_public\OculusSDK\LibOVR\Include" /I"C:\Program Files (x86)\ZED SDK\dependencies\ovr_sdk_win_1.3.0_public\OculusSDK\LibOVRKernel\Src" /I"C:\Program Files (x86)\ZED SDK\dependencies\SDL2-2.0.4\include" /I"C:\Program Files\NVIDIA GPU Computing Toolkit\CUDA\v7.5\include" /I"C:\Program Files (x86)\ZED SDK\dependencies\eigen-3.2.8" /I"C:\Program Files\NVIDIA GPU Computing Toolkit\CUDA\v7.5\include" /I"C:\Program Files\NVIDIA GPU Computing Toolkit\CUDA\v7.5\include" /I"C:\Program Files\NVIDIA GPU Computing Toolkit\CUDA\v7.5\include" /I"C:\Program Files\NVIDIA GPU Computing Toolkit\CUDA\v7.5\include" /I"C:\Program Files\NVIDIA GPU Computing Toolkit\CUDA\v7.5\bin" /I"C:\Program Files\NVIDIA GPU Computing Toolkit\CUDA\v7.5\include" /I. /FIcuda_runtime.h /c C:\Users\sinica-iis\Desktop\RoomFusionDLL\RoomFusionDLL.cu 
       CudaBuild:
         Compiling CUDA source file RoomFusionDLL.cu...
         cmd.exe /C "C:\Users\sinica-iis\AppData\Local\Temp\tmp601fa6d5ece04016b8aed8bcbee605fe.cmd"
         "C:\Program Files\NVIDIA GPU Computing Toolkit\CUDA\v7.5\bin\nvcc.exe" -gencode=arch=compute_20,code=\"sm_20,compute_20\" --use-local-env --cl-version 2013 -ccbin "C:\Program Files (x86)\Microsoft Visual Studio 12.0\VC\bin"  -I"C:\Program Files (x86)\ZED SDK\dependencies\opencv\include" -I"C:\Program Files (x86)\ZED SDK\dependencies\opencv\include\opencv" -I"C:\Program Files (x86)\ZED SDK\include" -I"C:\Program Files (x86)\ZED SDK\dependencies\freeglut_2.8\include" -I"C:\Program Files (x86)\ZED SDK\dependencies\glew-1.13.0\include" -I"C:\Users\sinica-iis\Desktop\zed-oculus\include" -I"C:\Program Files (x86)\ZED SDK\dependencies\ovr_sdk_win_1.3.0_public\OculusSDK\LibOVR\Include" -I"C:\Program Files (x86)\ZED SDK\dependencies\ovr_sdk_win_1.3.0_public\OculusSDK\LibOVRKernel\Src" -I"C:\Program Files (x86)\ZED SDK\dependencies\SDL2-2.0.4\include" -I"C:\Program Files\NVIDIA GPU Computing Toolkit\CUDA\v7.5\include" -I"C:\Program Files (x86)\ZED SDK\dependencies\eigen-3.2.8" -I"C:\Program Files\NVIDIA GPU Computing Toolkit\CUDA\v7.5\include" -I"C:\Program Files\NVIDIA GPU Computing Toolkit\CUDA\v7.5\include" -I"C:\Program Files\NVIDIA GPU Computing Toolkit\CUDA\v7.5\include" -I"C:\Program Files\NVIDIA GPU Computing Toolkit\CUDA\v7.5\include" -I"C:\Program Files\NVIDIA GPU Computing Toolkit\CUDA\v7.5\include"     --keep-dir Release -maxrregcount=0  --machine 32 --compile -cudart static     -DWIN32 -DNDEBUG -D_WINDOWS -D_USRDLL -DROOMFUSIONDLL_EXPORTS -D_WINDLL -D_UNICODE -DUNICODE -Xcompiler "/EHsc /W3 /nologo /O2 /Zi  /MD " -o Release\RoomFusionDLL.cu.obj "C:\Users\sinica-iis\Desktop\RoomFusionDLL\RoomFusionDLL.cu"
         
         C:\Users\sinica-iis\Desktop\RoomFusionDLL>"C:\Program Files\NVIDIA GPU Computing Toolkit\CUDA\v7.5\bin\nvcc.exe" -gencode=arch=compute_20,code=\"sm_20,compute_20\" --use-local-env --cl-version 2013 -ccbin "C:\Program Files (x86)\Microsoft Visual Studio 12.0\VC\bin"  -I"C:\Program Files (x86)\ZED SDK\dependencies\opencv\include" -I"C:\Program Files (x86)\ZED SDK\dependencies\opencv\include\opencv" -I"C:\Program Files (x86)\ZED SDK\include" -I"C:\Program Files (x86)\ZED SDK\dependencies\freeglut_2.8\include" -I"C:\Program Files (x86)\ZED SDK\dependencies\glew-1.13.0\include" -I"C:\Users\sinica-iis\Desktop\zed-oculus\include" -I"C:\Program Files (x86)\ZED SDK\dependencies\ovr_sdk_win_1.3.0_public\OculusSDK\LibOVR\Include" -I"C:\Program Files (x86)\ZED SDK\dependencies\ovr_sdk_win_1.3.0_public\OculusSDK\LibOVRKernel\Src" -I"C:\Program Files (x86)\ZED SDK\dependencies\SDL2-2.0.4\include" -I"C:\Program Files\NVIDIA GPU Computing Toolkit\CUDA\v7.5\include" -I"C:\Program Files (x86)\ZED SDK\dependencies\eigen-3.2.8" -I"C:\Program Files\NVIDIA GPU Computing Toolkit\CUDA\v7.5\include" -I"C:\Program Files\NVIDIA GPU Computing Toolkit\CUDA\v7.5\include" -I"C:\Program Files\NVIDIA GPU Computing Toolkit\CUDA\v7.5\include" -I"C:\Program Files\NVIDIA GPU Computing Toolkit\CUDA\v7.5\include" -I"C:\Program Files\NVIDIA GPU Computing Toolkit\CUDA\v7.5\include"     --keep-dir Release -maxrregcount=0  --machine 32 --compile -cudart static     -DWIN32 -DNDEBUG -D_WINDOWS -D_USRDLL -DROOMFUSIONDLL_EXPORTS -D_WINDLL -D_UNICODE -DUNICODE -Xcompiler "/EHsc /W3 /nologo /O2 /Zi  /MD " -o Release\RoomFusionDLL.cu.obj "C:\Users\sinica-iis\Desktop\RoomFusionDLL\RoomFusionDLL.cu" 
     1>C:\Program Files\NVIDIA GPU Computing Toolkit\CUDA\v7.5\include\cuda_runtime.h : warning C4819: 檔案含有無法在目前字碼頁 (950) 中表示的字元。請以 Unicode 格式儲存檔案以防止資料遺失
     1>c:\program files\nvidia gpu computing toolkit\cuda\v7.5\include\cuda_runtime_api.h(1974): warning C4819: 檔案含有無法在目前字碼頁 (950) 中表示的字元。請以 Unicode 格式儲存檔案以防止資料遺失
     1>c:\program files\nvidia gpu computing toolkit\cuda\v7.5\include\math_functions.h : warning C4819: 檔案含有無法在目前字碼頁 (950) 中表示的字元。請以 Unicode 格式儲存檔案以防止資料遺失
     1>c:\program files\nvidia gpu computing toolkit\cuda\v7.5\include\math_functions.h(859): warning C4819: 檔案含有無法在目前字碼頁 (950) 中表示的字元。請以 Unicode 格式儲存檔案以防止資料遺失
     1>c:\program files\nvidia gpu computing toolkit\cuda\v7.5\include\math_functions.h(1807): warning C4819: 檔案含有無法在目前字碼頁 (950) 中表示的字元。請以 Unicode 格式儲存檔案以防止資料遺失
     1>c:\program files\nvidia gpu computing toolkit\cuda\v7.5\include\math_functions.h(2657): warning C4819: 檔案含有無法在目前字碼頁 (950) 中表示的字元。請以 Unicode 格式儲存檔案以防止資料遺失
     1>c:\program files\nvidia gpu computing toolkit\cuda\v7.5\include\math_functions.h(3541): warning C4819: 檔案含有無法在目前字碼頁 (950) 中表示的字元。請以 Unicode 格式儲存檔案以防止資料遺失
     1>c:\program files\nvidia gpu computing toolkit\cuda\v7.5\include\math_functions.h(4492): warning C4819: 檔案含有無法在目前字碼頁 (950) 中表示的字元。請以 Unicode 格式儲存檔案以防止資料遺失
     1>c:\program files\nvidia gpu computing toolkit\cuda\v7.5\include\math_functions.h(5412): warning C4819: 檔案含有無法在目前字碼頁 (950) 中表示的字元。請以 Unicode 格式儲存檔案以防止資料遺失
     1>c:\program files\nvidia gpu computing toolkit\cuda\v7.5\include\math_functions.h(6320): warning C4819: 檔案含有無法在目前字碼頁 (950) 中表示的字元。請以 Unicode 格式儲存檔案以防止資料遺失
     1>c:\program files\nvidia gpu computing toolkit\cuda\v7.5\include\math_functions.h(7195): warning C4819: 檔案含有無法在目前字碼頁 (950) 中表示的字元。請以 Unicode 格式儲存檔案以防止資料遺失
     1>c:\program files\nvidia gpu computing toolkit\cuda\v7.5\include\math_functions.h(8066): warning C4819: 檔案含有無法在目前字碼頁 (950) 中表示的字元。請以 Unicode 格式儲存檔案以防止資料遺失
     1>c:\program files\nvidia gpu computing toolkit\cuda\v7.5\include\device_functions.h : warning C4819: 檔案含有無法在目前字碼頁 (950) 中表示的字元。請以 Unicode 格式儲存檔案以防止資料遺失
     1>c:\program files\nvidia gpu computing toolkit\cuda\v7.5\include\device_functions.h(775): warning C4819: 檔案含有無法在目前字碼頁 (950) 中表示的字元。請以 Unicode 格式儲存檔案以防止資料遺失
     1>c:\program files\nvidia gpu computing toolkit\cuda\v7.5\include\device_functions.h(1621): warning C4819: 檔案含有無法在目前字碼頁 (950) 中表示的字元。請以 Unicode 格式儲存檔案以防止資料遺失
     1>c:\program files\nvidia gpu computing toolkit\cuda\v7.5\include\device_double_functions.h : warning C4819: 檔案含有無法在目前字碼頁 (950) 中表示的字元。請以 Unicode 格式儲存檔案以防止資料遺失
     1>c:\program files\nvidia gpu computing toolkit\cuda\v7.5\include\sm_20_intrinsics.h : warning C4819: 檔案含有無法在目前字碼頁 (950) 中表示的字元。請以 Unicode 格式儲存檔案以防止資料遺失
     1>c:\program files\nvidia gpu computing toolkit\cuda\v7.5\include\sm_20_intrinsics.h(943): warning C4819: 檔案含有無法在目前字碼頁 (950) 中表示的字元。請以 Unicode 格式儲存檔案以防止資料遺失
     1>c:\program files\nvidia gpu computing toolkit\cuda\v7.5\include\math_functions.h : warning C4819: 檔案含有無法在目前字碼頁 (950) 中表示的字元。請以 Unicode 格式儲存檔案以防止資料遺失
     1>c:\program files\nvidia gpu computing toolkit\cuda\v7.5\include\math_functions.h(859): warning C4819: 檔案含有無法在目前字碼頁 (950) 中表示的字元。請以 Unicode 格式儲存檔案以防止資料遺失
     1>c:\program files\nvidia gpu computing toolkit\cuda\v7.5\include\math_functions.h(1807): warning C4819: 檔案含有無法在目前字碼頁 (950) 中表示的字元。請以 Unicode 格式儲存檔案以防止資料遺失
     1>c:\program files\nvidia gpu computing toolkit\cuda\v7.5\include\math_functions.h(2657): warning C4819: 檔案含有無法在目前字碼頁 (950) 中表示的字元。請以 Unicode 格式儲存檔案以防止資料遺失
     1>c:\program files\nvidia gpu computing toolkit\cuda\v7.5\include\math_functions.h(3541): warning C4819: 檔案含有無法在目前字碼頁 (950) 中表示的字元。請以 Unicode 格式儲存檔案以防止資料遺失
     1>c:\program files\nvidia gpu computing toolkit\cuda\v7.5\include\math_functions.h(4492): warning C4819: 檔案含有無法在目前字碼頁 (950) 中表示的字元。請以 Unicode 格式儲存檔案以防止資料遺失
     1>c:\program files\nvidia gpu computing toolkit\cuda\v7.5\include\math_functions.h(5412): warning C4819: 檔案含有無法在目前字碼頁 (950) 中表示的字元。請以 Unicode 格式儲存檔案以防止資料遺失
     1>c:\program files\nvidia gpu computing toolkit\cuda\v7.5\include\math_functions.h(6320): warning C4819: 檔案含有無法在目前字碼頁 (950) 中表示的字元。請以 Unicode 格式儲存檔案以防止資料遺失
     1>c:\program files\nvidia gpu computing toolkit\cuda\v7.5\include\math_functions.h(7195): warning C4819: 檔案含有無法在目前字碼頁 (950) 中表示的字元。請以 Unicode 格式儲存檔案以防止資料遺失
     1>c:\program files\nvidia gpu computing toolkit\cuda\v7.5\include\math_functions.h(8066): warning C4819: 檔案含有無法在目前字碼頁 (950) 中表示的字元。請以 Unicode 格式儲存檔案以防止資料遺失
     1>c:\program files\nvidia gpu computing toolkit\cuda\v7.5\include\math_functions.h : warning C4819: 檔案含有無法在目前字碼頁 (950) 中表示的字元。請以 Unicode 格式儲存檔案以防止資料遺失
     1>c:\program files\nvidia gpu computing toolkit\cuda\v7.5\include\math_functions.h(859): warning C4819: 檔案含有無法在目前字碼頁 (950) 中表示的字元。請以 Unicode 格式儲存檔案以防止資料遺失
     1>c:\program files\nvidia gpu computing toolkit\cuda\v7.5\include\math_functions.h(1807): warning C4819: 檔案含有無法在目前字碼頁 (950) 中表示的字元。請以 Unicode 格式儲存檔案以防止資料遺失
     1>c:\program files\nvidia gpu computing toolkit\cuda\v7.5\include\math_functions.h(2657): warning C4819: 檔案含有無法在目前字碼頁 (950) 中表示的字元。請以 Unicode 格式儲存檔案以防止資料遺失
     1>c:\program files\nvidia gpu computing toolkit\cuda\v7.5\include\math_functions.h(3541): warning C4819: 檔案含有無法在目前字碼頁 (950) 中表示的字元。請以 Unicode 格式儲存檔案以防止資料遺失
     1>c:\program files\nvidia gpu computing toolkit\cuda\v7.5\include\math_functions.h(4492): warning C4819: 檔案含有無法在目前字碼頁 (950) 中表示的字元。請以 Unicode 格式儲存檔案以防止資料遺失
     1>c:\program files\nvidia gpu computing toolkit\cuda\v7.5\include\math_functions.h(5412): warning C4819: 檔案含有無法在目前字碼頁 (950) 中表示的字元。請以 Unicode 格式儲存檔案以防止資料遺失
     1>c:\program files\nvidia gpu computing toolkit\cuda\v7.5\include\math_functions.h(6320): warning C4819: 檔案含有無法在目前字碼頁 (950) 中表示的字元。請以 Unicode 格式儲存檔案以防止資料遺失
     1>c:\program files\nvidia gpu computing toolkit\cuda\v7.5\include\math_functions.h(7195): warning C4819: 檔案含有無法在目前字碼頁 (950) 中表示的字元。請以 Unicode 格式儲存檔案以防止資料遺失
     1>c:\program files\nvidia gpu computing toolkit\cuda\v7.5\include\math_functions.h(8066): warning C4819: 檔案含有無法在目前字碼頁 (950) 中表示的字元。請以 Unicode 格式儲存檔案以防止資料遺失
     1>c:\program files\nvidia gpu computing toolkit\cuda\v7.5\include\device_functions_decls.h : warning C4819: 檔案含有無法在目前字碼頁 (950) 中表示的字元。請以 Unicode 格式儲存檔案以防止資料遺失
     1>c:\program files\nvidia gpu computing toolkit\cuda\v7.5\include\device_functions_decls.h(910): warning C4819: 檔案含有無法在目前字碼頁 (950) 中表示的字元。請以 Unicode 格式儲存檔案以防止資料遺失
     1>c:\program files\nvidia gpu computing toolkit\cuda\v7.5\include\device_functions_decls.h(1903): warning C4819: 檔案含有無法在目前字碼頁 (950) 中表示的字元。請以 Unicode 格式儲存檔案以防止資料遺失
     1>c:\program files\nvidia gpu computing toolkit\cuda\v7.5\include\device_functions_decls.h(2843): warning C4819: 檔案含有無法在目前字碼頁 (950) 中表示的字元。請以 Unicode 格式儲存檔案以防止資料遺失
     1>c:\program files\nvidia gpu computing toolkit\cuda\v7.5\include\device_functions_decls.h(3779): warning C4819: 檔案含有無法在目前字碼頁 (950) 中表示的字元。請以 Unicode 格式儲存檔案以防止資料遺失
     1>c:\program files\nvidia gpu computing toolkit\cuda\v7.5\include\device_functions_decls.h(4721): warning C4819: 檔案含有無法在目前字碼頁 (950) 中表示的字元。請以 Unicode 格式儲存檔案以防止資料遺失
     1>c:\program files\nvidia gpu computing toolkit\cuda\v7.5\include\device_functions_decls.h(5723): warning C4819: 檔案含有無法在目前字碼頁 (950) 中表示的字元。請以 Unicode 格式儲存檔案以防止資料遺失
     1>c:\program files\nvidia gpu computing toolkit\cuda\v7.5\include\device_functions_decls.h(6682): warning C4819: 檔案含有無法在目前字碼頁 (950) 中表示的字元。請以 Unicode 格式儲存檔案以防止資料遺失
     1>c:\program files\nvidia gpu computing toolkit\cuda\v7.5\include\device_functions_decls.h(7610): warning C4819: 檔案含有無法在目前字碼頁 (950) 中表示的字元。請以 Unicode 格式儲存檔案以防止資料遺失
     1>c:\program files\nvidia gpu computing toolkit\cuda\v7.5\include\device_functions_decls.h(8543): warning C4819: 檔案含有無法在目前字碼頁 (950) 中表示的字元。請以 Unicode 格式儲存檔案以防止資料遺失
     1>c:\program files\nvidia gpu computing toolkit\cuda\v7.5\include\device_functions_decls.h(9413): warning C4819: 檔案含有無法在目前字碼頁 (950) 中表示的字元。請以 Unicode 格式儲存檔案以防止資料遺失
     1>c:\program files\nvidia gpu computing toolkit\cuda\v7.5\include\device_functions_decls.h(10391): warning C4819: 檔案含有無法在目前字碼頁 (950) 中表示的字元。請以 Unicode 格式儲存檔案以防止資料遺失
     1>c:\program files\nvidia gpu computing toolkit\cuda\v7.5\include\device_functions_decls.h(11435): warning C4819: 檔案含有無法在目前字碼頁 (950) 中表示的字元。請以 Unicode 格式儲存檔案以防止資料遺失
     1>c:\program files\nvidia gpu computing toolkit\cuda\v7.5\include\device_functions.h : warning C4819: 檔案含有無法在目前字碼頁 (950) 中表示的字元。請以 Unicode 格式儲存檔案以防止資料遺失
     1>c:\program files\nvidia gpu computing toolkit\cuda\v7.5\include\device_functions.h(775): warning C4819: 檔案含有無法在目前字碼頁 (950) 中表示的字元。請以 Unicode 格式儲存檔案以防止資料遺失
     1>c:\program files\nvidia gpu computing toolkit\cuda\v7.5\include\device_functions.h(1621): warning C4819: 檔案含有無法在目前字碼頁 (950) 中表示的字元。請以 Unicode 格式儲存檔案以防止資料遺失
     1>c:\program files\nvidia gpu computing toolkit\cuda\v7.5\include\device_double_functions.h : warning C4819: 檔案含有無法在目前字碼頁 (950) 中表示的字元。請以 Unicode 格式儲存檔案以防止資料遺失
     1>c:\program files\nvidia gpu computing toolkit\cuda\v7.5\include\sm_20_intrinsics.h : warning C4819: 檔案含有無法在目前字碼頁 (950) 中表示的字元。請以 Unicode 格式儲存檔案以防止資料遺失
     1>c:\program files\nvidia gpu computing toolkit\cuda\v7.5\include\sm_20_intrinsics.h(943): warning C4819: 檔案含有無法在目前字碼頁 (950) 中表示的字元。請以 Unicode 格式儲存檔案以防止資料遺失
     1>C:\Program Files\NVIDIA GPU Computing Toolkit\CUDA\v7.5\include\cuda_runtime.h : warning C4819: 檔案含有無法在目前字碼頁 (950) 中表示的字元。請以 Unicode 格式儲存檔案以防止資料遺失
     1>c:\program files\nvidia gpu computing toolkit\cuda\v7.5\include\cuda_runtime_api.h(1974): warning C4819: 檔案含有無法在目前字碼頁 (950) 中表示的字元。請以 Unicode 格式儲存檔案以防止資料遺失
     1>c:\program files\nvidia gpu computing toolkit\cuda\v7.5\include\math_functions.h : warning C4819: 檔案含有無法在目前字碼頁 (950) 中表示的字元。請以 Unicode 格式儲存檔案以防止資料遺失
     1>c:\program files\nvidia gpu computing toolkit\cuda\v7.5\include\math_functions.h(859): warning C4819: 檔案含有無法在目前字碼頁 (950) 中表示的字元。請以 Unicode 格式儲存檔案以防止資料遺失
     1>c:\program files\nvidia gpu computing toolkit\cuda\v7.5\include\math_functions.h(1807): warning C4819: 檔案含有無法在目前字碼頁 (950) 中表示的字元。請以 Unicode 格式儲存檔案以防止資料遺失
     1>c:\program files\nvidia gpu computing toolkit\cuda\v7.5\include\math_functions.h(2657): warning C4819: 檔案含有無法在目前字碼頁 (950) 中表示的字元。請以 Unicode 格式儲存檔案以防止資料遺失
     1>c:\program files\nvidia gpu computing toolkit\cuda\v7.5\include\math_functions.h(3541): warning C4819: 檔案含有無法在目前字碼頁 (950) 中表示的字元。請以 Unicode 格式儲存檔案以防止資料遺失
     1>c:\program files\nvidia gpu computing toolkit\cuda\v7.5\include\math_functions.h(4492): warning C4819: 檔案含有無法在目前字碼頁 (950) 中表示的字元。請以 Unicode 格式儲存檔案以防止資料遺失
     1>c:\program files\nvidia gpu computing toolkit\cuda\v7.5\include\math_functions.h(5412): warning C4819: 檔案含有無法在目前字碼頁 (950) 中表示的字元。請以 Unicode 格式儲存檔案以防止資料遺失
     1>c:\program files\nvidia gpu computing toolkit\cuda\v7.5\include\math_functions.h(6320): warning C4819: 檔案含有無法在目前字碼頁 (950) 中表示的字元。請以 Unicode 格式儲存檔案以防止資料遺失
     1>c:\program files\nvidia gpu computing toolkit\cuda\v7.5\include\math_functions.h(7195): warning C4819: 檔案含有無法在目前字碼頁 (950) 中表示的字元。請以 Unicode 格式儲存檔案以防止資料遺失
     1>c:\program files\nvidia gpu computing toolkit\cuda\v7.5\include\math_functions.h(8066): warning C4819: 檔案含有無法在目前字碼頁 (950) 中表示的字元。請以 Unicode 格式儲存檔案以防止資料遺失
     1>c:\program files\nvidia gpu computing toolkit\cuda\v7.5\include\device_functions.h : warning C4819: 檔案含有無法在目前字碼頁 (950) 中表示的字元。請以 Unicode 格式儲存檔案以防止資料遺失
     1>c:\program files\nvidia gpu computing toolkit\cuda\v7.5\include\device_functions.h(775): warning C4819: 檔案含有無法在目前字碼頁 (950) 中表示的字元。請以 Unicode 格式儲存檔案以防止資料遺失
     1>c:\program files\nvidia gpu computing toolkit\cuda\v7.5\include\device_functions.h(1621): warning C4819: 檔案含有無法在目前字碼頁 (950) 中表示的字元。請以 Unicode 格式儲存檔案以防止資料遺失
     1>c:\program files\nvidia gpu computing toolkit\cuda\v7.5\include\device_double_functions.h : warning C4819: 檔案含有無法在目前字碼頁 (950) 中表示的字元。請以 Unicode 格式儲存檔案以防止資料遺失
     1>c:\program files\nvidia gpu computing toolkit\cuda\v7.5\include\sm_20_intrinsics.h : warning C4819: 檔案含有無法在目前字碼頁 (950) 中表示的字元。請以 Unicode 格式儲存檔案以防止資料遺失
     1>c:\program files\nvidia gpu computing toolkit\cuda\v7.5\include\sm_20_intrinsics.h(943): warning C4819: 檔案含有無法在目前字碼頁 (950) 中表示的字元。請以 Unicode 格式儲存檔案以防止資料遺失
     1>c:\program files\nvidia gpu computing toolkit\cuda\v7.5\include\math_functions.h : warning C4819: 檔案含有無法在目前字碼頁 (950) 中表示的字元。請以 Unicode 格式儲存檔案以防止資料遺失
     1>c:\program files\nvidia gpu computing toolkit\cuda\v7.5\include\math_functions.h(859): warning C4819: 檔案含有無法在目前字碼頁 (950) 中表示的字元。請以 Unicode 格式儲存檔案以防止資料遺失
     1>c:\program files\nvidia gpu computing toolkit\cuda\v7.5\include\math_functions.h(1807): warning C4819: 檔案含有無法在目前字碼頁 (950) 中表示的字元。請以 Unicode 格式儲存檔案以防止資料遺失
     1>c:\program files\nvidia gpu computing toolkit\cuda\v7.5\include\math_functions.h(2657): warning C4819: 檔案含有無法在目前字碼頁 (950) 中表示的字元。請以 Unicode 格式儲存檔案以防止資料遺失
     1>c:\program files\nvidia gpu computing toolkit\cuda\v7.5\include\math_functions.h(3541): warning C4819: 檔案含有無法在目前字碼頁 (950) 中表示的字元。請以 Unicode 格式儲存檔案以防止資料遺失
     1>c:\program files\nvidia gpu computing toolkit\cuda\v7.5\include\math_functions.h(4492): warning C4819: 檔案含有無法在目前字碼頁 (950) 中表示的字元。請以 Unicode 格式儲存檔案以防止資料遺失
     1>c:\program files\nvidia gpu computing toolkit\cuda\v7.5\include\math_functions.h(5412): warning C4819: 檔案含有無法在目前字碼頁 (950) 中表示的字元。請以 Unicode 格式儲存檔案以防止資料遺失
     1>c:\program files\nvidia gpu computing toolkit\cuda\v7.5\include\math_functions.h(6320): warning C4819: 檔案含有無法在目前字碼頁 (950) 中表示的字元。請以 Unicode 格式儲存檔案以防止資料遺失
     1>c:\program files\nvidia gpu computing toolkit\cuda\v7.5\include\math_functions.h(7195): warning C4819: 檔案含有無法在目前字碼頁 (950) 中表示的字元。請以 Unicode 格式儲存檔案以防止資料遺失
     1>c:\program files\nvidia gpu computing toolkit\cuda\v7.5\include\math_functions.h(8066): warning C4819: 檔案含有無法在目前字碼頁 (950) 中表示的字元。請以 Unicode 格式儲存檔案以防止資料遺失
         RoomFusionDLL.cu
       ClCompile:
         C:\Program Files (x86)\Microsoft Visual Studio 12.0\VC\bin\CL.exe /c /I"C:\Program Files (x86)\ZED SDK\dependencies\opencv\include" /I"C:\Program Files (x86)\ZED SDK\dependencies\opencv\include\opencv" /I"C:\Program Files (x86)\ZED SDK\include" /I"C:\Program Files (x86)\ZED SDK\dependencies\freeglut_2.8\include" /I"C:\Program Files (x86)\ZED SDK\dependencies\glew-1.13.0\include" /I"C:\Users\sinica-iis\Desktop\zed-oculus\include" /I"C:\Program Files (x86)\ZED SDK\dependencies\ovr_sdk_win_1.3.0_public\OculusSDK\LibOVR\Include" /I"C:\Program Files (x86)\ZED SDK\dependencies\ovr_sdk_win_1.3.0_public\OculusSDK\LibOVRKernel\Src" /I"C:\Program Files (x86)\ZED SDK\dependencies\SDL2-2.0.4\include" /I"C:\Program Files\NVIDIA GPU Computing Toolkit\CUDA\v7.5\include" /I"C:\Program Files (x86)\ZED SDK\dependencies\eigen-3.2.8" /I"C:\Program Files\NVIDIA GPU Computing Toolkit\CUDA\v7.5\include" /I"C:\Program Files\NVIDIA GPU Computing Toolkit\CUDA\v7.5\include" /I"C:\Program Files\NVIDIA GPU Computing Toolkit\CUDA\v7.5\include" /I"C:\Program Files\NVIDIA GPU Computing Toolkit\CUDA\v7.5\include" /Zi /nologo /W3 /WX- /sdl /O2 /Oi /Oy- /GL /D WIN32 /D NDEBUG /D _WINDOWS /D _USRDLL /D ROOMFUSIONDLL_EXPORTS /D _WINDLL /D _UNICODE /D UNICODE /Gm- /EHsc /MD /GS /Gy /fp:precise /Zc:wchar_t /Zc:forScope /Yc"stdafx.h" /Fp"Release\RoomFusionDLL.pch" /Fo"Release\\" /Fd"Release\vc120.pdb" /Gd /TP /analyze- /errorReport:prompt stdafx.cpp
         stdafx.cpp
         C:\Program Files (x86)\Microsoft Visual Studio 12.0\VC\bin\CL.exe /c /I"C:\Program Files (x86)\ZED SDK\dependencies\opencv\include" /I"C:\Program Files (x86)\ZED SDK\dependencies\opencv\include\opencv" /I"C:\Program Files (x86)\ZED SDK\include" /I"C:\Program Files (x86)\ZED SDK\dependencies\freeglut_2.8\include" /I"C:\Program Files (x86)\ZED SDK\dependencies\glew-1.13.0\include" /I"C:\Users\sinica-iis\Desktop\zed-oculus\include" /I"C:\Program Files (x86)\ZED SDK\dependencies\ovr_sdk_win_1.3.0_public\OculusSDK\LibOVR\Include" /I"C:\Program Files (x86)\ZED SDK\dependencies\ovr_sdk_win_1.3.0_public\OculusSDK\LibOVRKernel\Src" /I"C:\Program Files (x86)\ZED SDK\dependencies\SDL2-2.0.4\include" /I"C:\Program Files\NVIDIA GPU Computing Toolkit\CUDA\v7.5\include" /I"C:\Program Files (x86)\ZED SDK\dependencies\eigen-3.2.8" /I"C:\Program Files\NVIDIA GPU Computing Toolkit\CUDA\v7.5\include" /I"C:\Program Files\NVIDIA GPU Computing Toolkit\CUDA\v7.5\include" /I"C:\Program Files\NVIDIA GPU Computing Toolkit\CUDA\v7.5\include" /I"C:\Program Files\NVIDIA GPU Computing Toolkit\CUDA\v7.5\include" /Zi /nologo /W3 /WX- /sdl /O2 /Oi /Oy- /GL /D WIN32 /D NDEBUG /D _WINDOWS /D _USRDLL /D ROOMFUSIONDLL_EXPORTS /D _WINDLL /D _UNICODE /D UNICODE /Gm- /EHsc /MD /GS /Gy /fp:precise /Zc:wchar_t /Zc:forScope /Fo"Release\\" /Fd"Release\vc120.pdb" /Gd /TP /analyze- /errorReport:prompt dllmain.cpp
         dllmain.cpp
         C:\Program Files (x86)\Microsoft Visual Studio 12.0\VC\bin\CL.exe /c /I"C:\Program Files (x86)\ZED SDK\dependencies\opencv\include" /I"C:\Program Files (x86)\ZED SDK\dependencies\opencv\include\opencv" /I"C:\Program Files (x86)\ZED SDK\include" /I"C:\Program Files (x86)\ZED SDK\dependencies\freeglut_2.8\include" /I"C:\Program Files (x86)\ZED SDK\dependencies\glew-1.13.0\include" /I"C:\Users\sinica-iis\Desktop\zed-oculus\include" /I"C:\Program Files (x86)\ZED SDK\dependencies\ovr_sdk_win_1.3.0_public\OculusSDK\LibOVR\Include" /I"C:\Program Files (x86)\ZED SDK\dependencies\ovr_sdk_win_1.3.0_public\OculusSDK\LibOVRKernel\Src" /I"C:\Program Files (x86)\ZED SDK\dependencies\SDL2-2.0.4\include" /I"C:\Program Files\NVIDIA GPU Computing Toolkit\CUDA\v7.5\include" /I"C:\Program Files (x86)\ZED SDK\dependencies\eigen-3.2.8" /I"C:\Program Files\NVIDIA GPU Computing Toolkit\CUDA\v7.5\include" /I"C:\Program Files\NVIDIA GPU Computing Toolkit\CUDA\v7.5\include" /I"C:\Program Files\NVIDIA GPU Computing Toolkit\CUDA\v7.5\include" /I"C:\Program Files\NVIDIA GPU Computing Toolkit\CUDA\v7.5\include" /Zi /nologo /W3 /WX- /sdl /O2 /Oi /Oy- /GL /D WIN32 /D NDEBUG /D _WINDOWS /D _USRDLL /D ROOMFUSIONDLL_EXPORTS /D _WINDLL /D _UNICODE /D UNICODE /Gm- /EHsc /MD /GS /Gy /fp:precise /Zc:wchar_t /Zc:forScope /Yu"stdafx.h" /Fp"Release\RoomFusionDLL.pch" /Fo"Release\\" /Fd"Release\vc120.pdb" /Gd /TP /analyze- /errorReport:prompt RoomFusionDLL.cpp
         RoomFusionDLL.cpp
     1>C:\Program Files\NVIDIA GPU Computing Toolkit\CUDA\v7.5\include\cuda_runtime.h : warning C4819: 檔案含有無法在目前字碼頁 (950) 中表示的字元。請以 Unicode 格式儲存檔案以防止資料遺失
     1>c:\program files\nvidia gpu computing toolkit\cuda\v7.5\include\cuda_runtime_api.h(1974): warning C4819: 檔案含有無法在目前字碼頁 (950) 中表示的字元。請以 Unicode 格式儲存檔案以防止資料遺失
     1>C:\Program Files (x86)\ZED SDK\dependencies\opencv\include\opencv2/core/mat.hpp(1965): warning C4819: 檔案含有無法在目前字碼頁 (950) 中表示的字元。請以 Unicode 格式儲存檔案以防止資料遺失
     1>C:\Program Files (x86)\ZED SDK\dependencies\opencv\include\opencv2/core/persistence.hpp : warning C4819: 檔案含有無法在目前字碼頁 (950) 中表示的字元。請以 Unicode 格式儲存檔案以防止資料遺失
     1>C:\Program Files (x86)\ZED SDK\dependencies\opencv\include\opencv2/core/utility.hpp : warning C4819: 檔案含有無法在目前字碼頁 (950) 中表示的字元。請以 Unicode 格式儲存檔案以防止資料遺失
     1>RoomFusionDLL.cpp(110): warning C4800: 'int' : 強制將 bool 的值定為 'true' 或 'false' (效能警告)
     1>RoomFusionDLL.cpp(143): warning C4244: '引數' : 將 'int' 轉換為 'float'，由於類型不同，可能導致資料遺失
     1>RoomFusionDLL.cpp(144): warning C4244: '引數' : 將 'int' 轉換為 'float'，由於類型不同，可能導致資料遺失
     1>RoomFusionDLL.cpp(145): warning C4244: '引數' : 將 'int' 轉換為 'float'，由於類型不同，可能導致資料遺失
     1>RoomFusionDLL.cpp(146): warning C4244: '引數' : 將 'int' 轉換為 'float'，由於類型不同，可能導致資料遺失
       Link:
         C:\Program Files (x86)\Microsoft Visual Studio 12.0\VC\bin\link.exe /ERRORREPORT:PROMPT /OUT:"C:\Users\sinica-iis\Desktop\zed-build\Release\RoomFusionDLL.dll" /INCREMENTAL:NO /NOLOGO /LIBPATH:"C:/Program Files (x86)/ZED SDK/lib" /LIBPATH:"C:/Program Files (x86)/ZED SDK/lib/Release" /LIBPATH:"C:/Program Files (x86)/ZED SDK/dependencies/freeglut_2.8/x64" /LIBPATH:"C:/Program Files (x86)/ZED SDK/dependencies/freeglut_2.8/x64/Release" /LIBPATH:"C:\Program Files (x86)\ZED SDK\dependencies\glew-1.13.0\lib\Release\x64" /LIBPATH:"C:/Program Files (x86)/ZED SDK/dependencies/SDL2-2.0.4/lib/x64" /LIBPATH:"C:/Program Files (x86)/ZED SDK/dependencies/SDL2-2.0.4/lib/x64/Release" /LIBPATH:"C:/Program Files (x86)/ZED SDK/dependencies/ovr_sdk_win_1.3.0_public/OculusSDK/LibOVR/Lib/Windows/x64/Release/VS2013" /LIBPATH:"C:/Program Files (x86)/ZED SDK/dependencies/ovr_sdk_win_1.3.0_public/OculusSDK/LibOVR/Lib/Windows/x64/Release/VS2013/Release" /LIBPATH:"C:/Program Files (x86)/ZED SDK/dependencies/opencv/x64/vc12/lib" /LIBPATH:"C:\Program Files (x86)\ZED SDK\lib" /LIBPATH:"C:\Program Files\NVIDIA GPU Computing Toolkit\CUDA\v7.5\lib\x64" /LIBPATH:"C:\Program Files\NVIDIA GPU Computing Toolkit\CUDA\v7.5\lib\Win32" /LIBPATH:"C:\Program Files\NVIDIA GPU Computing Toolkit\CUDA\v7.5\lib\Win32" /LIBPATH:"C:\Program Files\NVIDIA GPU Computing Toolkit\CUDA\v7.5\lib\Win32" kernel32.lib user32.lib gdi32.lib winspool.lib shell32.lib ole32.lib oleaut32.lib uuid.lib comdlg32.lib advapi32.lib glu32.lib opengl32.lib freeglut.lib opencv_world310.lib comctl32.lib gdi32.lib ole32.lib setupapi.lib ws2_32.lib vfw32.lib glew32.lib sl_zed64.lib cudart_static.lib /MANIFEST /MANIFESTUAC:"level='asInvoker' uiAccess='false'" /manifest:embed /DEBUG /PDB:"C:\Users\sinica-iis\Desktop\zed-build\Release\RoomFusionDLL.pdb" /SUBSYSTEM:WINDOWS /OPT:REF /OPT:ICF /LTCG /TLBID:1 /DYNAMICBASE /NXCOMPAT /IMPLIB:"C:\Users\sinica-iis\Desktop\zed-build\Release\RoomFusionDLL.lib" /MACHINE:X86 /SAFESEH /DLL Release\RoomFusionDLL.cu.obj
         Release\dllmain.obj
         Release\RoomFusionDLL.obj
         Release\stdafx.obj
            正在建立程式庫 C:\Users\sinica-iis\Desktop\zed-build\Release\RoomFusionDLL.lib 和物件 C:\Users\sinica-iis\Desktop\zed-build\Release\RoomFusionDLL.exp
     1>RoomFusionDLL.cu.obj : error LNK2001: 無法解析的外部符號 _cudaGetDeviceCount@4
     1>RoomFusionDLL.cu.obj : error LNK2001: 無法解析的外部符號 _cudaGetDeviceProperties@8
     1>RoomFusionDLL.cu.obj : error LNK2001: 無法解析的外部符號 _cudaSetDevice@4
     1>RoomFusionDLL.cu.obj : error LNK2001: 無法解析的外部符號 _cudaConfigureCall@32
     1>RoomFusionDLL.cu.obj : error LNK2001: 無法解析的外部符號 _cudaSetupArgument@12
     1>RoomFusionDLL.cu.obj : error LNK2001: 無法解析的外部符號 _cudaLaunch@4
     1>RoomFusionDLL.cu.obj : error LNK2001: 無法解析的外部符號 ___cudaRegisterFatBinary@4
     1>RoomFusionDLL.cu.obj : error LNK2001: 無法解析的外部符號 ___cudaUnregisterFatBinary@4
     1>RoomFusionDLL.cu.obj : error LNK2001: 無法解析的外部符號 ___cudaRegisterFunction@40
     1>RoomFusionDLL.obj : error LNK2001: 無法解析的外部符號 "__declspec(dllimport) public: __thiscall sl::zed::Mat::Mat(void)" (__imp_??0Mat@zed@sl@@QAE@XZ)
     1>RoomFusionDLL.obj : error LNK2001: 無法解析的外部符號 "__declspec(dllimport) public: bool __thiscall sl::zed::Camera::grab(enum sl::zed::SENSING_MODE,bool,bool,bool)" (__imp_?grab@Camera@zed@sl@@QAE_NW4SENSING_MODE@23@_N11@Z)
     1>RoomFusionDLL.obj : error LNK2001: 無法解析的外部符號 "__declspec(dllimport) public: class sl::zed::Mat __thiscall sl::zed::Camera::retrieveMeasure(enum sl::zed::MEASURE)" (__imp_?retrieveMeasure@Camera@zed@sl@@QAE?AVMat@23@W4MEASURE@23@@Z)
     1>RoomFusionDLL.obj : error LNK2001: 無法解析的外部符號 "__declspec(dllimport) public: class sl::zed::Mat __thiscall sl::zed::Camera::retrieveImage(enum sl::zed::SIDE)" (__imp_?retrieveImage@Camera@zed@sl@@QAE?AVMat@23@W4SIDE@23@@Z)
     1>RoomFusionDLL.obj : error LNK2001: 無法解析的外部符號 "__declspec(dllimport) public: __thiscall sl::zed::Camera::Camera(enum sl::zed::ZEDResolution_mode,float,int)" (__imp_??0Camera@zed@sl@@QAE@W4ZEDResolution_mode@12@MH@Z)
     1>RoomFusionDLL.obj : error LNK2001: 無法解析的外部符號 "__declspec(dllimport) public: enum sl::zed::ERRCODE __thiscall sl::zed::Camera::init(struct sl::zed::InitParams &)" (__imp_?init@Camera@zed@sl@@QAE?AW4ERRCODE@23@AAUInitParams@23@@Z)
     1>RoomFusionDLL.obj : error LNK2001: 無法解析的外部符號 "__declspec(dllimport) public: struct sl::zed::resolution __thiscall sl::zed::Camera::getImageSize(void)" (__imp_?getImageSize@Camera@zed@sl@@QAE?AUresolution@23@XZ)
     1>RoomFusionDLL.obj : error LNK2001: 無法解析的外部符號 "__declspec(dllimport) public: bool __thiscall sl::zed::Camera::enableTracking(class Eigen::Matrix<float,4,4,0,4,4> &,bool,class std::basic_string<char,struct std::char_traits<char>,class std::allocator<char> >)" (__imp_?enableTracking@Camera@zed@sl@@QAE_NAAV?$Matrix@M$03$03$0A@$03$03@Eigen@@_NV?$basic_string@DU?$char_traits@D@std@@V?$allocator@D@2@@std@@@Z)
     1>RoomFusionDLL.obj : error LNK2001: 無法解析的外部符號 "__declspec(dllimport) public: void __thiscall sl::zed::Mat::allocate_cpu(int,int,int,enum sl::zed::DATA_TYPE)" (__imp_?allocate_cpu@Mat@zed@sl@@QAEXHHHW4DATA_TYPE@23@@Z)
     1>RoomFusionDLL.obj : error LNK2001: 無法解析的外部符號 "__declspec(dllimport) public: __thiscall sl::zed::Camera::~Camera(void)" (__imp_??1Camera@zed@sl@@QAE@XZ)
     1>RoomFusionDLL.obj : error LNK2001: 無法解析的外部符號 "__declspec(dllimport) public: void __thiscall sl::zed::Mat::deallocate(void)" (__imp_?deallocate@Mat@zed@sl@@QAEXXZ)
     1>RoomFusionDLL.obj : error LNK2001: 無法解析的外部符號 "__declspec(dllimport) public: __thiscall sl::zed::InitParams::InitParams(enum sl::zed::MODE,enum sl::zed::UNIT,enum sl::zed::COORDINATE_SYSTEM,bool,int,float,bool,bool)" (__imp_??0InitParams@zed@sl@@QAE@W4MODE@12@W4UNIT@12@W4COORDINATE_SYSTEM@12@_NHM33@Z)
     1>C:\Users\sinica-iis\Desktop\zed-build\Release\RoomFusionDLL.dll : fatal error LNK1120: 21 個無法解析的外部符號
     1>專案 "C:\Users\sinica-iis\Desktop\RoomFusionDLL\RoomFusionDLL.vcxproj" (Build 目標) 建置完成 -- 失敗。

建置失敗。

經過時間 00:00:04.84
